0 info it worked if it ends with ok
1 verbose cli [ '/usr/local/bin/node',
1 verbose cli   '/usr/local/bin/npm',
1 verbose cli   'install',
1 verbose cli   'bower',
1 verbose cli   '-g' ]
2 info using npm@3.7.3
3 info using node@v5.9.0
4 silly loadCurrentTree Starting
5 silly install loadCurrentTree
6 silly install readGlobalPackageData
7 silly fetchPackageMetaData bower
8 silly fetchNamedPackageData bower
9 silly mapToRegistry name bower
10 silly mapToRegistry using default registry
11 silly mapToRegistry registry http://registry.npmjs.org/
12 silly mapToRegistry uri http://registry.npmjs.org/bower
13 verbose get http://registry.npmjs.org/bower not expired, no request
14 silly install normalizeTree
15 silly loadCurrentTree Finishing
16 silly loadIdealTree Starting
17 silly install loadIdealTree
18 silly cloneCurrentTree Starting
19 silly install cloneCurrentTreeToIdealTree
20 silly cloneCurrentTree Finishing
21 silly loadShrinkwrap Starting
22 silly install loadShrinkwrap
23 silly loadShrinkwrap Finishing
24 silly loadAllDepsIntoIdealTree Starting
25 silly install loadAllDepsIntoIdealTree
26 silly resolveWithNewModule bower@1.7.7 checking installable status
27 silly cache add args [ 'bower', null ]
28 verbose cache add spec bower
29 silly cache add parsed spec Result {
29 silly cache add   raw: 'bower',
29 silly cache add   scope: null,
29 silly cache add   name: 'bower',
29 silly cache add   rawSpec: '',
29 silly cache add   spec: 'latest',
29 silly cache add   type: 'tag' }
30 silly addNamed bower@latest
31 verbose addNamed "latest" is being treated as a dist-tag for bower
32 info addNameTag [ 'bower', 'latest' ]
33 silly mapToRegistry name bower
34 silly mapToRegistry using default registry
35 silly mapToRegistry registry http://registry.npmjs.org/
36 silly mapToRegistry uri http://registry.npmjs.org/bower
37 verbose addNameTag registry:http://registry.npmjs.org/bower not in flight; fetching
38 verbose get http://registry.npmjs.org/bower not expired, no request
39 silly addNameTag next cb for bower with tag latest
40 silly addNamed bower@1.7.7
41 verbose addNamed "1.7.7" is a plain semver version for bower
42 silly cache afterAdd bower@1.7.7
43 verbose afterAdd /Users/ravi.ravulapati/.npm/bower/1.7.7/package/package.json not in flight; writing
44 verbose correctMkdir /Users/ravi.ravulapati/.npm correctMkdir not in flight; initializing
45 verbose afterAdd /Users/ravi.ravulapati/.npm/bower/1.7.7/package/package.json written
46 silly loadAllDepsIntoIdealTree Finishing
47 silly idealTree:prePrune lib
47 silly idealTree:prePrune └── bower@1.7.7
48 silly loadIdealTree Finishing
49 silly currentTree lib
49 silly currentTree └── bower@1.7.7
50 silly idealTree lib
50 silly idealTree └── bower@1.7.7
51 silly generateActionsToTake Starting
52 silly install generateActionsToTake
53 warn checkPermissions Missing write access to /usr/local/lib/node_modules/bower
54 warn checkPermissions Missing write access to /usr/local/lib/node_modules
55 silly rollbackFailedOptional Starting
56 silly rollbackFailedOptional Finishing
57 silly runTopLevelLifecycles Starting
58 silly runTopLevelLifecycles Finishing
59 silly install printInstalled
60 verbose stack Error: EACCES: permission denied, access '/usr/local/lib/node_modules/bower'
60 verbose stack     at Error (native)
61 verbose cwd /Users/ravi.ravulapati/Documents/MyGit/prms-ui
62 error Darwin 15.3.0
63 error argv "/usr/local/bin/node" "/usr/local/bin/npm" "install" "bower" "-g"
64 error node v5.9.0
65 error npm  v3.7.3
66 error path /usr/local/lib/node_modules/bower
67 error code EACCES
68 error errno -13
69 error syscall access
70 error Error: EACCES: permission denied, access '/usr/local/lib/node_modules/bower'
70 error     at Error (native)
70 error  { [Error: EACCES: permission denied, access '/usr/local/lib/node_modules/bower']
70 error   errno: -13,
70 error   code: 'EACCES',
70 error   syscall: 'access',
70 error   path: '/usr/local/lib/node_modules/bower' }
71 error Please try running this command again as root/Administrator.
72 verbose exit [ -13, true ]
